<?xml version="1.0" encoding="UTF-8"?>
<testsuite xmlns:xsi="http://www.w3.org/2001/XMLSchema-instance" xsi:noNamespaceSchemaLocation="https://maven.apache.org/surefire/maven-surefire-plugin/xsd/surefire-test-report-3.0.xsd" version="3.0" name="fr.istic.vv.DateTest" time="0.119" tests="38" errors="0" skipped="0" failures="0">
  <properties>
[...]
</properties>
  <testcase name="testValidDate29DaysFebruaryLeapYear" classname="fr.istic.vv.DateTest" time="0.051"/>
  <testcase name="testValidDateValidDays13MonthCommonYear" classname="fr.istic.vv.DateTest" time="0.001"/>
  <testcase name="testValidDateValidDaysJanuaryCommonYear" classname="fr.istic.vv.DateTest" time="0"/>
  <testcase name="testNextLeapYearFebruaryLastDay" classname="fr.istic.vv.DateTest" time="0.002"/>
  <testcase name="test31DaysAprilCommonYear" classname="fr.istic.vv.DateTest" time="0.003"/>
  <testcase name="testPreviousCommonYearCommonMonthCommonDay" classname="fr.istic.vv.DateTest" time="0.001"/>
  <testcase name="testValidDate29DaysFebruaryCommonYear" classname="fr.istic.vv.DateTest" time="0.001"/>
  <testcase name="test29DaysFebruaryCommonYear" classname="fr.istic.vv.DateTest" time="0.001"/>
  <testcase name="testValidDateValidDays0monthCommonYear" classname="fr.istic.vv.DateTest" time="0"/>
  <testcase name="testComparenull" classname="fr.istic.vv.DateTest" time="0.001"/>
  <testcase name="testValidDaysAprilCommonYear" classname="fr.istic.vv.DateTest" time="0.002"/>
  <testcase name="testPreviousCommonYearCommonMonthFirstDay" classname="fr.istic.vv.DateTest" time="0"/>
  <testcase name="testPreviousLeapYearFebruaryLastDay" classname="fr.istic.vv.DateTest" time="0.001"/>
  <testcase name="testValidDate0DaysCommonMonthCommonYear" classname="fr.istic.vv.DateTest" time="0"/>
  <testcase name="testNegativeday" classname="fr.istic.vv.DateTest" time="0.001"/>
  <testcase name="testDivisibleNotBy4By100NotBy400" classname="fr.istic.vv.DateTest" time="0"/>
  <testcase name="testValidDays13MonthCommonYear" classname="fr.istic.vv.DateTest" time="0.001"/>
  <testcase name="testValidDaysJanuaryCommonYear" classname="fr.istic.vv.DateTest" time="0.001"/>
  <testcase name="testValidDate31DaysAprilCommonYear" classname="fr.istic.vv.DateTest" time="0"/>
  <testcase name="testComparePosterior" classname="fr.istic.vv.DateTest" time="0"/>
  <testcase name="testNextCommonYearLastMonthLastDay" classname="fr.istic.vv.DateTest" time="0"/>
  <testcase name="testNextCommonYearFebruaryLastDay" classname="fr.istic.vv.DateTest" time="0"/>
  <testcase name="testNextCommonYearCommonMonthCommonDay" classname="fr.istic.vv.DateTest" time="0.001"/>
  <testcase name="testCommonYear" classname="fr.istic.vv.DateTest" time="0.001"/>
  <testcase name="testCompareAnterior" classname="fr.istic.vv.DateTest" time="0.001"/>
  <testcase name="testDivisibleBy4By100By400" classname="fr.istic.vv.DateTest" time="0"/>
  <testcase name="testValidDate32DaysJanuaryCommonYear" classname="fr.istic.vv.DateTest" time="0"/>
  <testcase name="testPreviousCommonYearFebruaryFirstDay" classname="fr.istic.vv.DateTest" time="0.001"/>
  <testcase name="testCompareEqual" classname="fr.istic.vv.DateTest" time="0"/>
  <testcase name="testNegativeMonth" classname="fr.istic.vv.DateTest" time="0"/>
  <testcase name="testDivisibleBy4NotBy100NotBy400" classname="fr.istic.vv.DateTest" time="0"/>
  <testcase name="testValidDateNegativeMonth" classname="fr.istic.vv.DateTest" time="0.001"/>
  <testcase name="testDivisibleBy4By100NotBy400" classname="fr.istic.vv.DateTest" time="0"/>
  <testcase name="testNextCommonYearCommonMonthLastDay" classname="fr.istic.vv.DateTest" time="0"/>
  <testcase name="testPreviousCommonYearFirstMonthfirstDay" classname="fr.istic.vv.DateTest" time="0"/>
  <testcase name="test29DaysFebruaryLeapYear" classname="fr.istic.vv.DateTest" time="0"/>
  <testcase name="testValidDateNegativeday" classname="fr.istic.vv.DateTest" time="0.001"/>
  <testcase name="test32DaysJanuaryCommonYear" classname="fr.istic.vv.DateTest" time="0"/>
</testsuite>